\BOOKMARK [0][-]{chapter*.2}{Introducci\363n}{}% 1
\BOOKMARK [0][-]{chapter*.3}{Motivaci\363n}{}% 2
\BOOKMARK [0][-]{chapter.1}{OpenCV}{}% 3
\BOOKMARK [1][-]{section.1.1}{Introducci\363n}{chapter.1}% 4
\BOOKMARK [1][-]{section.1.2}{Ejemplos}{chapter.1}% 5
\BOOKMARK [0][-]{chapter.2}{Otras librer\355as usadas}{}% 6
\BOOKMARK [1][-]{section.2.1}{Android}{chapter.2}% 7
\BOOKMARK [1][-]{section.2.2}{Numpy}{chapter.2}% 8
\BOOKMARK [0][-]{chapter.3}{Estabilizaci\363n de imagen}{}% 9
\BOOKMARK [1][-]{section.3.1}{Algoritmo b\341sico}{chapter.3}% 10
\BOOKMARK [2][-]{subsection.3.1.1}{Algoritmo para encontrar puntos caracter\355sticos}{section.3.1}% 11
\BOOKMARK [2][-]{subsection.3.1.2}{Algoritmo de Lucas-Kanade}{section.3.1}% 12
\BOOKMARK [2][-]{subsection.3.1.3}{C\341lculo de la homograf\355a}{section.3.1}% 13
\BOOKMARK [2][-]{subsection.3.1.4}{C\363digo}{section.3.1}% 14
\BOOKMARK [2][-]{subsection.3.1.5}{Comentarios y variaciones del algoritmo}{section.3.1}% 15
\BOOKMARK [1][-]{section.3.2}{Algoritmo basado en la correlaci\363n de fase}{chapter.3}% 16
\BOOKMARK [1][-]{section.3.3}{Uso del aceler\363metro para estabilizar}{chapter.3}% 17
\BOOKMARK [2][-]{subsection.3.3.1}{Programa para Android}{section.3.3}% 18
\BOOKMARK [2][-]{subsection.3.3.2}{Programa de procesado de los datos}{section.3.3}% 19
\BOOKMARK [2][-]{subsection.3.3.3}{Resultados}{section.3.3}% 20
\BOOKMARK [0][-]{chapter.4}{Estabilizaci\363n de la luz}{}% 21
\BOOKMARK [1][-]{section.4.1}{Introducci\363n}{chapter.4}% 22
\BOOKMARK [1][-]{section.4.2}{Un algoritmo de normalizaci\363n de luz}{chapter.4}% 23
\BOOKMARK [1][-]{section.4.3}{Correcci\363n de la iluminaci\363n usando el sensor}{chapter.4}% 24
\BOOKMARK [0][-]{appendix.Alph1}{C\363digo del aceler\363metro}{}% 25
\BOOKMARK [1][-]{section.Alph1.1}{C\363digo de Android}{appendix.Alph1}% 26
\BOOKMARK [2][-]{subsection.Alph1.1.1}{MainActivity}{section.Alph1.1}% 27
\BOOKMARK [2][-]{subsection.Alph1.1.2}{Clase vcorderView}{section.Alph1.1}% 28
\BOOKMARK [2][-]{subsection.Alph1.1.3}{Android manifest}{section.Alph1.1}% 29
\BOOKMARK [2][-]{subsection.Alph1.1.4}{Activity layout}{section.Alph1.1}% 30
\BOOKMARK [1][-]{section.Alph1.2}{C\363digo de procesado de los datos}{appendix.Alph1}% 31
\BOOKMARK [0][-]{appendix.Alph2}{C\363digo del sensor de luz}{}% 32
\BOOKMARK [1][-]{section.Alph2.1}{C\363digo de Android}{appendix.Alph2}% 33
\BOOKMARK [1][-]{section.Alph2.2}{C\363digo de procesado de los datos}{appendix.Alph2}% 34
\BOOKMARK [0][-]{appendix.Alph3}{Otros c\363digos}{}% 35
\BOOKMARK [1][-]{section.Alph3.1}{C\363digo del algoritmo de correlaci\363n de fase}{appendix.Alph3}% 36
\BOOKMARK [1][-]{section.Alph3.2}{C\363digo del algoritmo de nomalizaci\363n de luz}{appendix.Alph3}% 37
\BOOKMARK [0][-]{lstnumber.-16.78}{Bibliograf\355a}{}% 38
